<?xml version="1.0" encoding="UTF-8"?>
<!-- Generated by org.testng.reporters.JUnitReportReporter -->
<testsuite hostname="AST-LP-HL1808" failures="0" tests="1" name="tests.Rey" time="0.008" errors="0" timestamp="2025-10-03T14:35:55 IST" skipped="0">
  <testcase classname="tests.Rey" name="testRey" time="0.008"/>
</testsuite> <!-- tests.Rey -->
