<?xml version="1.0" encoding="UTF-8"?>
<!-- Generated by org.testng.reporters.JUnitReportReporter -->
<testsuite hostname="LAPTOP-GVI0HFIF" failures="0" tests="1" name="tests.CreateMultipleLeadsFromTheRosterTest" time="65.989" errors="0" timestamp="2025-10-26T10:07:47 IST" skipped="1">
  <testcase classname="tests.CreateMultipleLeadsFromTheRosterTest" name="testCreateBulkLeads" time="65.989">
    <skipped/>
  </testcase> <!-- testCreateBulkLeads -->
</testsuite> <!-- tests.CreateMultipleLeadsFromTheRosterTest -->
