<?xml version="1.0" encoding="UTF-8"?>
<!-- Generated by org.testng.reporters.JUnitReportReporter -->
<testsuite hostname="LAPTOP-GVI0HFIF" failures="0" tests="1" name="tests.CreateMultipleLeadsFromTheRosterTest" time="23.670" errors="0" timestamp="2025-10-26T16:43:15 IST" skipped="0">
  <testcase classname="tests.CreateMultipleLeadsFromTheRosterTest" name="testCreateBulkLeads" time="23.670"/>
</testsuite> <!-- tests.CreateMultipleLeadsFromTheRosterTest -->
