<?xml version="1.0" encoding="UTF-8"?>
<!-- Generated by org.testng.reporters.JUnitReportReporter -->
<testsuite hostname="AST-LP-HL1808" failures="0" tests="1" name="tests.CreateMultipleLeadsFromTheRosterTest" time="20.872" errors="0" timestamp="2025-10-22T14:59:28 IST" skipped="0">
  <testcase classname="tests.CreateMultipleLeadsFromTheRosterTest" name="testCreateBulkLeads" time="20.872"/>
</testsuite> <!-- tests.CreateMultipleLeadsFromTheRosterTest -->
