<?xml version="1.0" encoding="UTF-8"?>
<!-- Generated by org.testng.reporters.JUnitReportReporter -->
<testsuite hostname="LAPTOP-GVI0HFIF" failures="0" tests="1" name="tests.CreateMultipleLeadsFromTheRosterTest" time="35.303" errors="0" timestamp="2025-10-24T22:40:47 IST" skipped="0">
  <testcase classname="tests.CreateMultipleLeadsFromTheRosterTest" name="testCreateBulkLeads" time="35.303"/>
</testsuite> <!-- tests.CreateMultipleLeadsFromTheRosterTest -->
